<?xml version="1.0" encoding="UTF-8"?>
<testsuite xmlns:xsi="http://www.w3.org/2001/XMLSchema-instance" xsi:noNamespaceSchemaLocation="https://maven.apache.org/surefire/maven-surefire-plugin/xsd/surefire-test-report-3.0.xsd" version="3.0" name="ChromeOptions.TestRunner" time="78.791" tests="7" errors="0" skipped="0" failures="0">
  <properties>
[...]
</properties>
  <testcase name="Verify user is successsfully navigated to Green kart Landing page" classname="Greenkart app validation" time="10.12">
    <system-out><![CDATA[
Scenario: Verify user is successsfully navigated to Green kart Landing page                       # src/test/java/feature/demo1.feature:3
  Given user navigated to the Greenkart site "https://rahulshettyacademy.com/seleniumPractise/#/" # stepdefenation.Stepdef1.user_navigated_to_the_greenkart_site_something(java.lang.String)
  Then user is able to validate the Logo                                                          # stepdefenation.Stepdef1.user_is_able_to_validate_the_logo()
]]></system-out>
    <system-err><![CDATA[Starting ChromeDriver 85.0.4183.87 (cd6713ebf92fa1cacc0f1a598df280093af0c5d7-refs/branch-heads/4183@{#1689}) on port 41701
Only local connections are allowed.
Please see https://chromedriver.chromium.org/security-considerations for suggestions on keeping ChromeDriver safe.
ChromeDriver was started successfully.
[1604473770.847][WARNING]: This version of ChromeDriver has not been tested with Chrome version 86.
Nov 04, 2020 12:39:33 PM org.openqa.selenium.remote.ProtocolHandshake createSession
INFO: Detected dialect: W3C
]]></system-err>
  </testcase>
  <testcase name="Verify the user is able to search the brinjal" classname="Greenkart app validation" time="9.797">
    <system-out><![CDATA[
Scenario: Verify the user is able to search the brinjal                                           # src/test/java/feature/demo1.feature:9
  Given user navigated to the Greenkart site "https://rahulshettyacademy.com/seleniumPractise/#/" # stepdefenation.Stepdef1.user_navigated_to_the_greenkart_site_something(java.lang.String)
brinjal
  When user entered the text "brinjal" in search box                                              # stepdefenation.Stepdef1.user_entered_the_text_something_in_search_box(java.lang.String)
  Then user is able to see the search result                                                      # stepdefenation.Stepdef1.user_is_able_to_see_the_search_result()
]]></system-out>
    <system-err><![CDATA[Starting ChromeDriver 85.0.4183.87 (cd6713ebf92fa1cacc0f1a598df280093af0c5d7-refs/branch-heads/4183@{#1689}) on port 25824
Only local connections are allowed.
Please see https://chromedriver.chromium.org/security-considerations for suggestions on keeping ChromeDriver safe.
ChromeDriver was started successfully.
[1604473779.568][WARNING]: This version of ChromeDriver has not been tested with Chrome version 86.
Nov 04, 2020 12:39:41 PM org.openqa.selenium.remote.ProtocolHandshake createSession
INFO: Detected dialect: W3C
]]></system-err>
  </testcase>
  <testcase name="verify the user is able to add the vegetable to the cart" classname="Greenkart app validation" time="17.492">
    <system-out><![CDATA[
Scenario: verify the user is able to add the vegetable to the cart                                # src/test/java/feature/demo1.feature:16
  Given user navigated to the Greenkart site "https://rahulshettyacademy.com/seleniumPractise/#/" # stepdefenation.Stepdef1.user_navigated_to_the_greenkart_site_something(java.lang.String)
brinjal
  When user entered the text "brinjal" in search box                                              # stepdefenation.Stepdef1.user_entered_the_text_something_in_search_box(java.lang.String)
  Then user is able to see the search result                                                      # stepdefenation.Stepdef1.user_is_able_to_see_the_search_result()
  When user clicks on Add to cart                                                                 # stepdefenation.Stepdef1.user_clicks_on_add_to_cart()
  And clicks on cart icon                                                                         # stepdefenation.Stepdef1.clicks_on_cart_icon()
  Then the user is able to see the added item in the cart                                         # stepdefenation.Stepdef1.the_user_is_able_to_see_the_added_item_in_the_cart()
]]></system-out>
    <system-err><![CDATA[Starting ChromeDriver 85.0.4183.87 (cd6713ebf92fa1cacc0f1a598df280093af0c5d7-refs/branch-heads/4183@{#1689}) on port 24203
Only local connections are allowed.
Please see https://chromedriver.chromium.org/security-considerations for suggestions on keeping ChromeDriver safe.
ChromeDriver was started successfully.
[1604473789.398][WARNING]: This version of ChromeDriver has not been tested with Chrome version 86.
Nov 04, 2020 12:39:51 PM org.openqa.selenium.remote.ProtocolHandshake createSession
INFO: Detected dialect: W3C
]]></system-err>
  </testcase>
  <testcase name="verify the user is able to see the facebook logo in landing page" classname="Verify the facebook login functionality" time="10.352">
    <system-out><![CDATA[
Scenario: verify the user is able to see the facebook logo in landing page    # src/test/java/feature/demo2.feature:3
  Given user navigated to the facebook login page "https://www.facebook.com/" # stepdefenation.stepdef2.user_navigated_to_the_facebook_login_page_something(java.lang.String)
  Then user is able to see the facebook logo                                  # stepdefenation.stepdef2.user_is_able_to_see_the_facebook_logo()
]]></system-out>
    <system-err><![CDATA[Starting ChromeDriver 85.0.4183.87 (cd6713ebf92fa1cacc0f1a598df280093af0c5d7-refs/branch-heads/4183@{#1689}) on port 30213
Only local connections are allowed.
Please see https://chromedriver.chromium.org/security-considerations for suggestions on keeping ChromeDriver safe.
ChromeDriver was started successfully.
[1604473806.811][WARNING]: This version of ChromeDriver has not been tested with Chrome version 86.
Nov 04, 2020 12:40:08 PM org.openqa.selenium.remote.ProtocolHandshake createSession
INFO: Detected dialect: W3C
]]></system-err>
  </testcase>
  <testcase name="Verify the user is able to enter different users cred&apos;s in fb login fields #1" classname="Verify the facebook login functionality" time="10.643">
    <system-out><![CDATA[
Scenario Outline: Verify the user is able to enter different users cred's in fb login fields # src/test/java/feature/demo2.feature:17
  Given user navigated to the facebook login page "https://www.facebook.com/"                # stepdefenation.stepdef2.user_navigated_to_the_facebook_login_page_something(java.lang.String)
  When user entered the usernameuser1 and password123                                        # stepdefenation.stepdef2.user_entered_the_username_and_password(java.lang.String,java.lang.String)
  And clicked on Login                                                                       # stepdefenation.stepdef2.clicked_on_login()
Successfully logged in
  Then user is able to login to fb account                                                   # stepdefenation.stepdef2.user_is_able_to_login_to_fb_account()
]]></system-out>
    <system-err><![CDATA[Starting ChromeDriver 85.0.4183.87 (cd6713ebf92fa1cacc0f1a598df280093af0c5d7-refs/branch-heads/4183@{#1689}) on port 10396
Only local connections are allowed.
Please see https://chromedriver.chromium.org/security-considerations for suggestions on keeping ChromeDriver safe.
ChromeDriver was started successfully.
[1604473817.217][WARNING]: This version of ChromeDriver has not been tested with Chrome version 86.
Nov 04, 2020 12:40:19 PM org.openqa.selenium.remote.ProtocolHandshake createSession
INFO: Detected dialect: W3C
]]></system-err>
  </testcase>
  <testcase name="Verify the user is able to enter different users cred&apos;s in fb login fields #2" classname="Verify the facebook login functionality" time="6.511">
    <system-out><![CDATA[
Scenario Outline: Verify the user is able to enter different users cred's in fb login fields # src/test/java/feature/demo2.feature:18
  Given user navigated to the facebook login page "https://www.facebook.com/"                # stepdefenation.stepdef2.user_navigated_to_the_facebook_login_page_something(java.lang.String)
  When user entered the usernameuser2 and password456                                        # stepdefenation.stepdef2.user_entered_the_username_and_password(java.lang.String,java.lang.String)
  And clicked on Login                                                                       # stepdefenation.stepdef2.clicked_on_login()
Successfully logged in
  Then user is able to login to fb account                                                   # stepdefenation.stepdef2.user_is_able_to_login_to_fb_account()
]]></system-out>
    <system-err><![CDATA[Starting ChromeDriver 85.0.4183.87 (cd6713ebf92fa1cacc0f1a598df280093af0c5d7-refs/branch-heads/4183@{#1689}) on port 10521
Only local connections are allowed.
Please see https://chromedriver.chromium.org/security-considerations for suggestions on keeping ChromeDriver safe.
ChromeDriver was started successfully.
[1604473827.779][WARNING]: This version of ChromeDriver has not been tested with Chrome version 86.
Nov 04, 2020 12:40:29 PM org.openqa.selenium.remote.ProtocolHandshake createSession
INFO: Detected dialect: W3C
]]></system-err>
  </testcase>
  <testcase name="Verify the user is able to enter different users cred&apos;s in fb login fields #3" classname="Verify the facebook login functionality" time="10.746">
    <system-out><![CDATA[
Scenario Outline: Verify the user is able to enter different users cred's in fb login fields # src/test/java/feature/demo2.feature:19
  Given user navigated to the facebook login page "https://www.facebook.com/"                # stepdefenation.stepdef2.user_navigated_to_the_facebook_login_page_something(java.lang.String)
  When user entered the username8790148056 and password123019290                             # stepdefenation.stepdef2.user_entered_the_username_and_password(java.lang.String,java.lang.String)
  And clicked on Login                                                                       # stepdefenation.stepdef2.clicked_on_login()
Successfully logged in
  Then user is able to login to fb account                                                   # stepdefenation.stepdef2.user_is_able_to_login_to_fb_account()
]]></system-out>
    <system-err><![CDATA[Starting ChromeDriver 85.0.4183.87 (cd6713ebf92fa1cacc0f1a598df280093af0c5d7-refs/branch-heads/4183@{#1689}) on port 41876
Only local connections are allowed.
Please see https://chromedriver.chromium.org/security-considerations for suggestions on keeping ChromeDriver safe.
ChromeDriver was started successfully.
[1604473834.422][WARNING]: This version of ChromeDriver has not been tested with Chrome version 86.
Nov 04, 2020 12:40:36 PM org.openqa.selenium.remote.ProtocolHandshake createSession
INFO: Detected dialect: W3C
]]></system-err>
  </testcase>
</testsuite>